<?xml version="1.0" encoding="UTF-8"?>
<!-- Generated by org.testng.reporters.JUnitReportReporter -->
<testsuite skipped="0" hostname="ATMECSINLT-283" name="com.atmecs.qa.script.TutorialsNinjaScript" tests="2" failures="0" timestamp="2019-11-13T15:02:59 IST" time="53.887" errors="0">
  <testcase name="validateHomePage" time="0.153" classname="com.atmecs.qa.script.TutorialsNinjaScript"/>
  <testcase name="searchItemMethod" time="53.734" classname="com.atmecs.qa.script.TutorialsNinjaScript"/>
</testsuite> <!-- com.atmecs.qa.script.TutorialsNinjaScript -->
