<?xml version="1.0" encoding="UTF-8"?>
<!-- Generated by org.testng.reporters.JUnitReportReporter -->
<testsuite skipped="0" hostname="ATMECSINLT-283" name="com.atmecs.qa.script.HeatClinicScript" tests="7" failures="0" timestamp="2019-11-13T13:17:18 IST" time="16.167" errors="0">
  <testcase name="clickMenuVerify" time="0.905" classname="com.atmecs.qa.script.HeatClinicScript"/>
  <testcase name="clickMenuVerify" time="2.122" classname="com.atmecs.qa.script.HeatClinicScript"/>
  <testcase name="clickMenuVerify" time="0.809" classname="com.atmecs.qa.script.HeatClinicScript"/>
  <testcase name="clickMenuVerify" time="0.990" classname="com.atmecs.qa.script.HeatClinicScript"/>
  <testcase name="clickMenuVerify" time="0.729" classname="com.atmecs.qa.script.HeatClinicScript"/>
  <testcase name="clickMenuVerify" time="0.921" classname="com.atmecs.qa.script.HeatClinicScript"/>
  <testcase name="clickMerchantVerifyProduct" time="9.691" classname="com.atmecs.qa.script.HeatClinicScript"/>
</testsuite> <!-- com.atmecs.qa.script.HeatClinicScript -->
