<?xml version="1.0" encoding="UTF-8"?>
<!-- Generated by org.testng.reporters.JUnitReportReporter -->
<testsuite skipped="0" hostname="ATMECSINLT-283" name="com.atmecs.qa.script.TutorialsNinjaScript" tests="2" failures="0" timestamp="2019-11-13T13:17:18 IST" time="39.223" errors="0">
  <testcase name="validateHomePage" time="0.015" classname="com.atmecs.qa.script.TutorialsNinjaScript"/>
  <testcase name="searchItemMethod" time="39.208" classname="com.atmecs.qa.script.TutorialsNinjaScript"/>
</testsuite> <!-- com.atmecs.qa.script.TutorialsNinjaScript -->
